C51 COMPILER V9.60.0.0   MAIN                                                              08/19/2020 14:37:05 PAGE 1   


C51 COMPILER V9.60.0.0, COMPILATION OF MODULE MAIN
OBJECT MODULE PLACED IN .\Objects\Main.obj
COMPILER INVOKED BY: C:\Keil_v5\C51\BIN\C51.EXE Main.c OPTIMIZE(8,SPEED) BROWSE DEBUG OBJECTEXTEND PRINT(.\Listings\Main
                    -.lst) TABS(2) OBJECT(.\Objects\Main.obj)

line level    source

   1          #include <reg51.h>
   2          #include <RTX51TNY.h>
   3          #define on 0
   4          #define off 1
   5          
   6          sbit led1=P3^4;
   7          sbit led2=P3^5;
   8          sbit led3=P3^6;
   9          sbit led4=P3^7;
  10          void delay(unsigned int n)
  11          {
  12   1        int i;
  13   1        for(i=0;i<n;i++)
  14   1        {
  15   2          TMOD=0x01;
  16   2          TH0=15535/256;
  17   2          TL0=15535%256;
  18   2          TR0=1;
  19   2          while(!TF0);
  20   2          TF0=TR0=0;
  21   2        }
  22   1      }
  23          void nhay1() _task_ 1
  24          {
  25   1        while(1)
  26   1        {
  27   2          led1=on;delay(30);
  28   2          led1=off;delay(30);
  29   2        }
  30   1      }
  31          void nhay2() _task_ 2
  32          {
  33   1        while(1)
  34   1        {
  35   2          led2=on;delay(40);
  36   2          led2=off;delay(40);
  37   2        }
  38   1      }
  39          void nhay3() _task_ 3
  40          {
  41   1        while(1)
  42   1        {
  43   2          led3=on;delay(50);
  44   2          led3=off;delay(50);
  45   2        }
  46   1      }
  47          void nhay4() _task_ 4
  48          {
  49   1        while(1)
  50   1        {
  51   2          led4=on;delay(60);
  52   2          led4=off;delay(60);
  53   2        }
  54   1      }
C51 COMPILER V9.60.0.0   MAIN                                                              08/19/2020 14:37:05 PAGE 2   

  55          void nhay() _task_ 0
  56          {
  57   1        os_create_task (1);
  58   1        os_create_task (2);
  59   1        os_create_task (3);
  60   1        os_create_task (4);
  61   1        os_create_task (0);
  62   1      }


MODULE INFORMATION:   STATIC OVERLAYABLE
   CODE SIZE        =    125    ----
   CONSTANT SIZE    =   ----    ----
   XDATA SIZE       =   ----    ----
   PDATA SIZE       =   ----    ----
   DATA SIZE        =   ----    ----
   IDATA SIZE       =   ----    ----
   BIT SIZE         =   ----    ----
END OF MODULE INFORMATION.


C51 COMPILATION COMPLETE.  0 WARNING(S),  0 ERROR(S)
