C51 COMPILER V9.60.0.0   MAIN                                                              07/23/2020 21:52:46 PAGE 1   


C51 COMPILER V9.60.0.0, COMPILATION OF MODULE MAIN
OBJECT MODULE PLACED IN .\Objects\Main.obj
COMPILER INVOKED BY: C:\Keil_v5\C51\BIN\C51.EXE Main.c OPTIMIZE(8,SPEED) BROWSE DEBUG OBJECTEXTEND PRINT(.\Listings\Main
                    -.lst) TABS(2) OBJECT(.\Objects\Main.obj)

line level    source

   1          #include <reg52.h>
   2          #include <stdio.h>
   3          #include <math.h>
   4          
   5          unsigned char M[10]={0xc0,0xf9,0xa4,0xb0,0x99,0x92,0x82,0xf8,0x80,0x90};
   6          unsigned int donvi,chuc,tram,nghin,num;
   7          
   8          //sbit nutnhan=P2^0;
   9          
  10          //void delay(void)
  11          //{
  12          //  TMOD=0x02;
  13          //  TH0=TL0=-100;
  14          //  TR0=1;
  15          //  while(!TF0);
  16          //  TF0=0;
  17          //  TR0=0;
  18          //}
  19          
  20          void delay(unsigned int time )
  21          {
  22   1          unsigned int i;
  23   1      //   unsigned int j;
  24   1      
  25   1        for( i=0; i<time; i++ );
  26   1      //  for( j=0; j<100; j++ );
  27   1      }
  28          
  29          //void TangSoDem (void) interrupt 1
  30          //{
  31          //  TR0=0;
  32          //  TR0=1;
  33          //}
  34          
  35          void main()
  36          {
  37   1          IE=0x84;                  
  38   1          IT1=1; 
  39   1          num=10;
  40   1          nghin=num/1000;
  41   1          tram=(num%1000)/100;
  42   1          chuc=((num%1000)%100)/10;
  43   1          donvi=((num%1000)%100)%10;
  44   1        
  45   1        while(1)
  46   1        {
  47   2      
  48   2          P0=M[donvi];
  49   2          P1=0x01;
  50   2          delay(10);
  51   2          
  52   2          P0=M[chuc];
  53   2          P1=0x02;
  54   2          delay(10);
C51 COMPILER V9.60.0.0   MAIN                                                              07/23/2020 21:52:46 PAGE 2   

  55   2          
  56   2          P0=M[tram];
  57   2          P1=0x04;
  58   2          delay(10);
  59   2          
  60   2          P0=M[nghin];
  61   2          P1=0x08;
  62   2          delay(10);
  63   2          
  64   2        }
  65   1      }
  66          void tangsodem(void) interrupt 2
  67          {
  68   1          ++num;
  69   1          nghin=num/1000;
  70   1          tram=(num%1000)/100;
  71   1          chuc=((num%1000)%100)/10;
  72   1          donvi=((num%1000)%100)%10;
  73   1      }


MODULE INFORMATION:   STATIC OVERLAYABLE
   CODE SIZE        =    322    ----
   CONSTANT SIZE    =   ----    ----
   XDATA SIZE       =   ----    ----
   PDATA SIZE       =   ----    ----
   DATA SIZE        =     20    ----
   IDATA SIZE       =   ----    ----
   BIT SIZE         =   ----    ----
END OF MODULE INFORMATION.


C51 COMPILATION COMPLETE.  0 WARNING(S),  0 ERROR(S)
