C51 COMPILER V9.60.0.0   MAIN                                                              07/29/2020 19:47:49 PAGE 1   


C51 COMPILER V9.60.0.0, COMPILATION OF MODULE MAIN
OBJECT MODULE PLACED IN .\Objects\main.obj
COMPILER INVOKED BY: C:\Keil_v5\C51\BIN\C51.EXE main.c OPTIMIZE(8,SPEED) BROWSE DEBUG OBJECTEXTEND PRINT(.\Listings\main
                    -.lst) TABS(2) OBJECT(.\Objects\main.obj)

line level    source

   1          #include <reg52.h>
   2          #include <stdio.h>
   3          #include <math.h>
   4          #include <intrins.h>
   5          #include <string.h>
   6          
   7          sfr Pdata= 0xA0;
   8          sbit RS= P2^0;
   9          sbit EN= P2^1;
  10          char x,str;
  11          sbit hang0 = P0^4;
  12          sbit hang1 = P0^5;
  13          sbit hang2 = P0^6;
  14          sbit hang3 = P0^7;
  15          sbit Enter = P3^6;
  16          unsigned char i,j,n;
  17          //unsigned char m_kytu[4][4]={
  18          //{'1','2','3','A'},
  19          //{'4','5','6','B'},
  20          //{'7','8','9','C'},
  21          //{'*','0','#','D'}};
  22          char m_kytu[]="123A456B789C*0#D";
  23          unsigned char m_hang[4];
  24          
  25          void delay10ms(void)
  26          {
  27   1        TMOD=0x01;
  28   1        TH0=55535/256;
  29   1        TL0=35535%256;
  30   1        TR0=1;
  31   1        while(!TF0);
  32   1        TR0=TF0=0;
  33   1      }
  34          //void delay( int t)
  35          //{
  36          //  int i;
  37          //  for(i=0;i<t;++i);
  38          //}
  39          void delay(unsigned long int t)       
  40          {
  41   1        unsigned long int i,j;
  42   1           for(i=0;i<t;i++)
  43   1           for(j=0;j<100;j++);
  44   1      }
  45          //void busy_flag(void)
  46          //{
  47          //  P2= 0xff; //Set cac chan P2 doc tin hieu ???
  48          //  RS=0; // lua chon thanh ghi lenh
  49          //  RW=1; // doc tu lcd module
  50          //  do
  51          //  {
  52          //    EN=1; // tin hieu cho phep
  53          //    delay(10);
  54          //    EN=0;
C51 COMPILER V9.60.0.0   MAIN                                                              07/29/2020 19:47:49 PAGE 2   

  55          //    x=P2;
  56          //    x=x&0x80; // lap kiem tra bit D7 cho den khi khong con bang 1
  57          //  } while(x!=0x80);
  58          //}
  59          void write_command(char LCDcmd) // ghi lenh ra LCD
  60          {
  61   1      //  busy_flag();
  62   1        delay10ms();
  63   1        Pdata =(LCDcmd & 0xF0)>>2;
  64   1        RS=0; //chon thanh ghi lenh
  65   1      //  RW=0; // ghi vao LCD module
  66   1        EN=1;
  67   1        delay(1);
  68   1        EN=0;
  69   1        delay(2);
  70   1      }
  71          void write_data(char LCDdt) //ghi du lieu can hien thi ra LCD
  72          {
  73   1      //  busy_flag();
  74   1        delay10ms();
  75   1        Pdata =(LCDdt & 0xF0)>>2;
  76   1        RS=1; //chon thanh ghi du lieu
  77   1      //  RW=0;
  78   1        EN=1;
  79   1        delay(1);
  80   1        EN=0;
  81   1        delay(2);
  82   1      }
  83          
  84          void write_string( unsigned char *s)
  85          {
  86   1        while(*s)//ghi mot chuoi ky tu ra LCD
  87   1        {
  88   2          write_data(*s);
  89   2          write_data(*s <<4);
  90   2          s++;
  91   2        }
  92   1      //    int i;
  93   1      //  for(i=0;s[i]!=0;i++)  /* Send each char of string till the NULL */
  94   1      //  {
  95   1      //    write_data (s[i]);  /* Call LCD data write */
  96   1      //  }
  97   1      }
  98          void init(void)
  99          {
 100   1       delay(20);  /* LCD Power ON Initialization time >15ms */
 101   1        write_command (0x02); /* 4bit mode */
 102   1        write_command (0x02 << 4);
 103   1        write_command (0x28); /* Initialization of 16X2 LCD in 4bit mode */
 104   1        write_command (0x28 << 4);
 105   1        write_command (0x0C); /* Display ON Cursor OFF */
 106   1        write_command (0x0C << 4);
 107   1        write_command (0x06); /* Auto Increment cursor */
 108   1        write_command (0x06 << 4);
 109   1      // write_command (0x01); /* Clear display */
 110   1      // write_command (0x80); /* Cursor at home position */
 111   1        write_command(0x01);//0000 0001
 112   1        write_command(0x01 << 4);
 113   1        write_command(0x80);// 1000 0000
 114   1        write_command(0x80 << 4);
 115   1      }
 116          
C51 COMPILER V9.60.0.0   MAIN                                                              07/29/2020 19:47:49 PAGE 3   

 117          void main()
 118          {
 119   1      
 120   1        P2 = 0x00;
 121   1        P3 =0x40;
 122   1        init();
 123   1          write_string("Thanh oi!");
 124   1          write_command(0xc0);// 1100 0000
 125   1          write_command(0xc0 << 4);
 126   1          write_string("Em co yeu anh?");
 127   1          while(!Enter);
 128   1          write_command(0x01);//0000 0001
 129   1          write_command(0x01 << 4);
 130   1          write_command(0x80);// 1000 0000
 131   1          write_command(0x80 << 4);
 132   1          write_string("phim so may?");
 133   1          write_command(0xc0);// 1100 0000
 134   1          write_command(0xc0 << 4);
 135   1      
 136   1        while(1)
 137   1        {
 138   2          scan:
 139   2          x=0xFE;
 140   2          for(i=0;i<=3;++i)
 141   2          {
 142   3            P0=x;
 143   3            x=_crol_(x,1);// lenh quay trai bit
 144   3            for(j=0;j<=3;++j)
 145   3            {
 146   4                m_hang[0]=hang0;
 147   4                m_hang[1]=hang1;
 148   4                m_hang[2]=hang2;
 149   4                m_hang[3]=hang3;
 150   4      //          i=atoi(str);
 151   4      //          if (hang1==0) {write_string (&str);}
 152   4      //          else if (hang2==0) {write_string (&str);}
 153   4      //          else if (hang3==0) {write_string (&str);}
 154   4      //          else if (hang0==0) {write_string (&str);}
 155   4                if (m_hang[j]==0) 
 156   4                  {
 157   5      //            n= strlen(m_kytu);
 158   5      //            m_kytu[n]='\0';
 159   5                  str = m_kytu[j*4+i];
 160   5                  write_string (&str);
 161   5                  goto scan;
 162   5                  //while(m_hang[j]==0);
 163   5                  };
 164   4      //          itoa(j*4+i,&str);
 165   4            }
 166   3          }
 167   2        }
 168   1      }
 169          
 170            


MODULE INFORMATION:   STATIC OVERLAYABLE
   CODE SIZE        =    535    ----
   CONSTANT SIZE    =     38    ----
   XDATA SIZE       =   ----    ----
   PDATA SIZE       =   ----    ----
   DATA SIZE        =     26      15
C51 COMPILER V9.60.0.0   MAIN                                                              07/29/2020 19:47:49 PAGE 4   

   IDATA SIZE       =   ----    ----
   BIT SIZE         =   ----    ----
END OF MODULE INFORMATION.


C51 COMPILATION COMPLETE.  0 WARNING(S),  0 ERROR(S)
