C51 COMPILER V9.60.0.0   MAIN                                                              07/20/2020 22:54:18 PAGE 1   


C51 COMPILER V9.60.0.0, COMPILATION OF MODULE MAIN
OBJECT MODULE PLACED IN .\Objects\main.obj
COMPILER INVOKED BY: C:\Keil_v5\C51\BIN\C51.EXE main.c OPTIMIZE(8,SPEED) BROWSE DEBUG OBJECTEXTEND PRINT(.\Listings\main
                    -.lst) TABS(2) OBJECT(.\Objects\main.obj)

line level    source

   1          #include <reg51.h>
   2          #include <stdio.h>
   3          #include <intrins.h>
   4          
   5          int j;
   6          unsigned char x; /* bien 8 bit */
   7          
   8          void delay()
   9          {
  10   1        unsigned long int i;
  11   1        for(i=1;i<=5000;++i);
  12   1      }
  13          void main()
  14          {
  15   1        while(1)
  16   1        {
  17   2          x=0xef;
  18   2          for(j=1;j<=8;++j)
  19   2          {
  20   3            P2=x;
  21   3            delay();
  22   3            x=_crol_(x,1); /*Quay x de cac LED sang tuan tu*/
  23   3          }
  24   2        }
  25   1      }


MODULE INFORMATION:   STATIC OVERLAYABLE
   CODE SIZE        =    104    ----
   CONSTANT SIZE    =   ----    ----
   XDATA SIZE       =   ----    ----
   PDATA SIZE       =   ----    ----
   DATA SIZE        =      3       4
   IDATA SIZE       =   ----    ----
   BIT SIZE         =   ----    ----
END OF MODULE INFORMATION.


C51 COMPILATION COMPLETE.  0 WARNING(S),  0 ERROR(S)
