C51 COMPILER V9.60.0.0   MAIN                                                              07/21/2020 10:10:25 PAGE 1   


C51 COMPILER V9.60.0.0, COMPILATION OF MODULE MAIN
OBJECT MODULE PLACED IN .\Objects\main.obj
COMPILER INVOKED BY: C:\Keil_v5\C51\BIN\C51.EXE main.c OPTIMIZE(8,SPEED) BROWSE DEBUG OBJECTEXTEND PRINT(.\Listings\main
                    -.lst) TABS(2) OBJECT(.\Objects\main.obj)

line level    source

   1          #include <reg51.h>
   2          #include <stdio.h>
   3          #include <intrins.h>
   4          
   5          sbit congtac= P0^7; /* Khai bao bit chan P3.7*/
   6          unsigned char x;
   7          int j;
   8          
   9          void delay()
  10          {
  11   1        unsigned long int i;
  12   1        for(i=0;i<=5000;++i);
  13   1      }
  14          void main(void)
  15          {
  16   1        
  17   1        congtac=0x01; // khai bao cong tac la ngo vao
  18   1        while(1)
  19   1        {
  20   2          x= 0xfe;
  21   2          if(congtac==1)
  22   2            for(j=1;j<=8;++j)
  23   2          {
  24   3            P2=x;
  25   3            delay();
  26   3            x= _crol_(x,1);
  27   3          }
  28   2          P2=0;
  29   2          delay();
  30   2          P2=0xff;
  31   2          delay();
  32   2        }
  33   1      }


MODULE INFORMATION:   STATIC OVERLAYABLE
   CODE SIZE        =    120    ----
   CONSTANT SIZE    =   ----    ----
   XDATA SIZE       =   ----    ----
   PDATA SIZE       =   ----    ----
   DATA SIZE        =      3       4
   IDATA SIZE       =   ----    ----
   BIT SIZE         =   ----    ----
END OF MODULE INFORMATION.


C51 COMPILATION COMPLETE.  0 WARNING(S),  0 ERROR(S)
